<?xml version="1.0" encoding="UTF-8"?>
<!-- Generated by org.testng.reporters.JUnitReportReporter -->
<testsuite hostname="EPINHYDW0AE3" failures="0" tests="4" name="api.test.UserTests_PropFile" time="8.227" errors="0" timestamp="2023-06-05T14:31:18 IST" skipped="0">
  <testcase classname="api.test.UserTests_PropFile" name="testPostUser" time="2.634"/>
  <testcase classname="api.test.UserTests_PropFile" name="testGetUserByName" time="1.215"/>
  <testcase classname="api.test.UserTests_PropFile" name="testUpdateUserByName" time="3.108"/>
  <testcase classname="api.test.UserTests_PropFile" name="testDeleteUserByName" time="1.270"/>
</testsuite> <!-- api.test.UserTests_PropFile -->
